#
# There is insufficient memory for the Java Runtime Environment to continue.
# Native memory allocation (mmap) failed to map 268435456 bytes for Failed to commit area from 0x0000000701a00000 to 0x0000000711a00000 of length 268435456.
# Possible reasons:
#   The system is out of physical RAM or swap space
#   The process is running with CompressedOops enabled, and the Java Heap may be blocking the growth of the native heap
# Possible solutions:
#   Reduce memory load on the system
#   Increase physical memory or swap space
#   Check if swap backing store is full
#   Decrease Java heap size (-Xmx/-Xms)
#   Decrease number of Java threads
#   Decrease Java thread stack sizes (-Xss)
#   Set larger code cache with -XX:ReservedCodeCacheSize=
# This output file may be truncated or incomplete.
#
#  Out of Memory Error (./src/hotspot/os/windows/os_windows.cpp:3301), pid=31616, tid=17748
#
# JRE version:  (11.0.11+9) (build )
# Java VM: OpenJDK 64-Bit Server VM (11.0.11+9, mixed mode, sharing, tiered, compressed oops, g1 gc, windows-amd64)
# No core dump will be written. Minidumps are not enabled by default on client versions of Windows
#

---------------  S U M M A R Y ------------

Command Line: 

Host: Intel(R) Core(TM) i5-6200U CPU @ 2.30GHz, 4 cores, 15G,  Windows 10 , 64 bit Build 19041 (10.0.19041.1466)
Time: Fri Jan 28 12:13:15 2022 Eastern Standard Time elapsed time: 0.031009 seconds (0d 0h 0m 0s)

---------------  T H R E A D  ---------------

Current thread (0x000002004515a000):  JavaThread "Unknown thread" [_thread_in_vm, id=17748, stack(0x0000004043f00000,0x0000004044000000)]

Stack: [0x0000004043f00000,0x0000004044000000]
Native frames: (J=compiled Java code, j=interpreted, Vv=VM code, C=native code)
V  [jvm.dll+0x5f7e5a]
V  [jvm.dll+0x77ff2e]
V  [jvm.dll+0x7815ff]
V  [jvm.dll+0x781cc3]
V  [jvm.dll+0x247408]
V  [jvm.dll+0x5f500a]
V  [jvm.dll+0x5e9b05]
V  [jvm.dll+0x2fc26c]
V  [jvm.dll+0x2fc0f2]
V  [jvm.dll+0x300da6]
V  [jvm.dll+0x34586f]
V  [jvm.dll+0x3452a0]
V  [jvm.dll+0x2d9498]
V  [jvm.dll+0x2da5e6]
V  [jvm.dll+0x75b577]
V  [jvm.dll+0x75ccff]
V  [jvm.dll+0x3525e9]
V  [jvm.dll+0x73e660]
V  [jvm.dll+0x3b9ddf]
V  [jvm.dll+0x3bc2e1]
C  [jli.dll+0x520b]
C  [ucrtbase.dll+0x21bb2]
C  [KERNEL32.DLL+0x17034]
C  [ntdll.dll+0x52651]


---------------  P R O C E S S  ---------------

Threads class SMR info:
_java_thread_list=0x0000020043821520, length=0, elements={
}

Java Threads: ( => current thread )

Other Threads:
  0x0000020045173800 GCTaskThread "GC Thread#0" [stack: 0x0000004044000000,0x0000004044100000] [id=26996]
  0x00000200451d1000 ConcurrentGCThread "G1 Main Marker" [stack: 0x0000004044100000,0x0000004044200000] [id=29648]
  0x00000200451d3800 ConcurrentGCThread "G1 Conc#0" [stack: 0x0000004044200000,0x0000004044300000] [id=15464]

[error occurred during error reporting (printing all threads), id 0xc0000005, EXCEPTION_ACCESS_VIOLATION (0xc0000005) at pc=0x00007ffad0f28b57]

VM state:not at safepoint (not fully initialized)

VM Mutex/Monitor currently owned by a thread:  ([mutex/lock_event])
[0x0000020045155c60] Heap_lock - owner thread: 0x000002004515a000

Heap address: 0x0000000701a00000, size: 4070 MB, Compressed Oops mode: Non-zero based: 0x0000000701a00000
Narrow klass base: 0x0000000000000000, Narrow klass shift: 0

GC Heap History (0 events):
No events

Deoptimization events (0 events):
No events

Classes redefined (0 events):
No events

Internal exceptions (0 events):
No events

Events (1 events):
Event: 0.018 Loaded shared library C:\Program Files\AdoptOpenJDK\jdk-11.0.11.9-hotspot\bin\zip.dll


Dynamic libraries:
0x00007ff69c080000 - 0x00007ff69c08d000 	C:\Program Files\AdoptOpenJDK\jdk-11.0.11.9-hotspot\bin\java.exe
0x00007ffb17f30000 - 0x00007ffb18125000 	C:\Windows\SYSTEM32\ntdll.dll
0x00007ffb16770000 - 0x00007ffb1682e000 	C:\Windows\System32\KERNEL32.DLL
0x00007ffb15aa0000 - 0x00007ffb15d68000 	C:\Windows\System32\KERNELBASE.dll
0x00007ffb158e0000 - 0x00007ffb159e0000 	C:\Windows\System32\ucrtbase.dll
0x00007ffb13040000 - 0x00007ffb13055000 	C:\Program Files\AdoptOpenJDK\jdk-11.0.11.9-hotspot\bin\VCRUNTIME140.dll
0x00007ffb13070000 - 0x00007ffb13087000 	C:\Program Files\AdoptOpenJDK\jdk-11.0.11.9-hotspot\bin\jli.dll
0x00007ffb163b0000 - 0x00007ffb16551000 	C:\Windows\System32\USER32.dll
0x00007ffb15640000 - 0x00007ffb15662000 	C:\Windows\System32\win32u.dll
0x00007ffafabe0000 - 0x00007ffafae7a000 	C:\Windows\WinSxS\amd64_microsoft.windows.common-controls_6595b64144ccf1df_6.0.19041.1110_none_60b5254171f9507e\COMCTL32.dll
0x00007ffb16be0000 - 0x00007ffb16c0b000 	C:\Windows\System32\GDI32.dll
0x00007ffb168a0000 - 0x00007ffb1693e000 	C:\Windows\System32\msvcrt.dll
0x00007ffb15670000 - 0x00007ffb1577d000 	C:\Windows\System32\gdi32full.dll
0x00007ffb15e20000 - 0x00007ffb15ebd000 	C:\Windows\System32\msvcp_win.dll
0x00007ffb16ad0000 - 0x00007ffb16b00000 	C:\Windows\System32\IMM32.DLL
0x00007ffb129e0000 - 0x00007ffb12a7b000 	C:\Program Files\AdoptOpenJDK\jdk-11.0.11.9-hotspot\bin\msvcp140.dll
0x00007ffad0c40000 - 0x00007ffad178b000 	C:\Program Files\AdoptOpenJDK\jdk-11.0.11.9-hotspot\bin\server\jvm.dll
0x00007ffb17c50000 - 0x00007ffb17cfe000 	C:\Windows\System32\ADVAPI32.dll
0x00007ffb178d0000 - 0x00007ffb1796c000 	C:\Windows\System32\sechost.dll
0x00007ffb17b20000 - 0x00007ffb17c45000 	C:\Windows\System32\RPCRT4.dll
0x00007ffb17970000 - 0x00007ffb17978000 	C:\Windows\System32\PSAPI.DLL
0x00007ffb0c450000 - 0x00007ffb0c477000 	C:\Windows\SYSTEM32\WINMM.dll
0x00007ffb129b0000 - 0x00007ffb129b9000 	C:\Windows\SYSTEM32\WSOCK32.dll
0x00007ffb0ae30000 - 0x00007ffb0ae3a000 	C:\Windows\SYSTEM32\VERSION.dll
0x00007ffb16830000 - 0x00007ffb1689b000 	C:\Windows\System32\WS2_32.dll
0x00007ffb13f10000 - 0x00007ffb13f22000 	C:\Windows\SYSTEM32\kernel.appcore.dll
0x00007ffb12f00000 - 0x00007ffb12f10000 	C:\Program Files\AdoptOpenJDK\jdk-11.0.11.9-hotspot\bin\verify.dll
0x00007ffb13b90000 - 0x00007ffb13d74000 	C:\Windows\SYSTEM32\DBGHELP.DLL
0x00007ffb126f0000 - 0x00007ffb1271c000 	C:\Windows\SYSTEM32\dbgcore.DLL
0x00007ffb159e0000 - 0x00007ffb15a62000 	C:\Windows\System32\bcryptPrimitives.dll
0x00007ffb12d90000 - 0x00007ffb12db8000 	C:\Program Files\AdoptOpenJDK\jdk-11.0.11.9-hotspot\bin\java.dll
0x00007ffb12e90000 - 0x00007ffb12e9a000 	C:\Program Files\AdoptOpenJDK\jdk-11.0.11.9-hotspot\bin\jimage.dll
0x00007ffb12c20000 - 0x00007ffb12c37000 	C:\Program Files\AdoptOpenJDK\jdk-11.0.11.9-hotspot\bin\zip.dll

dbghelp: loaded successfully - version: 4.0.5 - missing functions: none
symbol engine: initialized successfully - sym options: 0x614 - pdb path: .;C:\Program Files\AdoptOpenJDK\jdk-11.0.11.9-hotspot\bin;C:\Windows\SYSTEM32;C:\Windows\WinSxS\amd64_microsoft.windows.common-controls_6595b64144ccf1df_6.0.19041.1110_none_60b5254171f9507e;C:\Program Files\AdoptOpenJDK\jdk-11.0.11.9-hotspot\bin\server

VM Arguments:
java_command: <unknown>
java_class_path (initial): .;C:\Users\Stephanie\Documents\Machine Learning\Algorithms_Princeton_Coursera\Algorithms_1\Week1\hello\.lift\algs4.jar
Launcher Type: SUN_STANDARD

[Global flags]
     intx CICompilerCount                          = 3                                         {product} {ergonomic}
     uint ConcGCThreads                            = 1                                         {product} {ergonomic}
     uint G1ConcRefinementThreads                  = 4                                         {product} {ergonomic}
   size_t G1HeapRegionSize                         = 1048576                                   {product} {ergonomic}
    uintx GCDrainStackTargetSize                   = 64                                        {product} {ergonomic}
   size_t InitialHeapSize                          = 268435456                                 {product} {ergonomic}
   size_t MarkStackSize                            = 4194304                                   {product} {ergonomic}
   size_t MaxHeapSize                              = 4267704320                                {product} {ergonomic}
   size_t MinHeapDeltaBytes                        = 1048576                                   {product} {ergonomic}
    uintx NonNMethodCodeHeapSize                   = 5830732                                {pd product} {ergonomic}
    uintx NonProfiledCodeHeapSize                  = 122913754                              {pd product} {ergonomic}
    uintx ProfiledCodeHeapSize                     = 122913754                              {pd product} {ergonomic}
    uintx ReservedCodeCacheSize                    = 251658240                              {pd product} {ergonomic}
     bool SegmentedCodeCache                       = true                                      {product} {ergonomic}
     bool UseCompressedClassPointers               = true                                 {lp64_product} {ergonomic}
     bool UseCompressedOops                        = true                                 {lp64_product} {ergonomic}
     bool UseG1GC                                  = true                                      {product} {ergonomic}
     bool UseLargePagesIndividualAllocation        = false                                  {pd product} {ergonomic}

Logging:
Log output configuration:
 #0: stdout all=warning uptime,level,tags
 #1: stderr all=off uptime,level,tags

Environment Variables:
JAVA_HOME=C:\Program Files\Java\jdk-17.0.1
CLASSPATH=.;C:\Users\Stephanie\Documents\Machine Learning\Algorithms_Princeton_Coursera\Algorithms_1\Week1\hello\.lift\algs4.jar
PATH=C:\Program Files\Git\usr\local\bin;C:\Program Files\AdoptOpenJDK\jdk-11.0.11.9-hotspot\bin;C:\Program Files\Git\bin;C:\Program Files\Java\jdk-17.0.1\bin;C:\Program Files\Common Files\Oracle\Java\javapath;C:\Program Files (x86)\Common Files\Oracle\Java\javapath;C:\Program Files (x86)\Intel\Intel(R) Management Engine Components\iCLS\;C:\Program Files\Intel\Intel(R) Management Engine Components\iCLS\;C:\ProgramData\Oracle\Java\javapath;C:\Python27\;C:\Python27\Scripts;C:\Windows\system32;C:\Windows;C:\Windows\System32\Wbem;C:\Windows\System32\WindowsPowerShell\v1.0\;C:\Program Files (x86)\QuickTime\QTSystem\;C:\Windows\System32\OpenSSH\;C:\Program Files\Intel\WiFi\bin\;C:\Program Files\Common Files\Intel\WirelessCommon\;C:\Program Files (x86)\Intel\Intel(R) Management Engine Components\DAL;C:\Program Files\Intel\Intel(R) Management Engine Components\DAL;C:\Program Files (x86)\Intel\Intel(R) Management Engine Components\IPT;C:\Program Files\Intel\Intel(R) Management Engine Components\IPT;C:\Program Files\MiKTeX\miktex\bin\x64\;C:\Program Files\PostgreSQL\13\bin;C:\Program Files\Git\cmd;C:\Program Files\nodejs\;C:\Program Files\MySQL\MySQL Shell 8.0\bin\;C:\Users\Stephanie\AppData\Local\Programs\Python\Python39\Scripts\;C:\Users\Stephanie\AppData\Local\Programs\Python\Python39\;C:\Users\Stephanie\AppData\Local\Microsoft\WindowsApps;C:\Users\Stephanie\AppData\Local\gitkraken\bin;C:\Users\Stephanie\AppData\Roaming\npm;C:\Program Files\JetBrains\IntelliJ IDEA Community Edition 2021.3\bin;
USERNAME=Stephanie
OS=Windows_NT
PROCESSOR_IDENTIFIER=Intel64 Family 6 Model 78 Stepping 3, GenuineIntel



---------------  S Y S T E M  ---------------

OS: Windows 10 , 64 bit Build 19041 (10.0.19041.1466)
OS uptime: 9 days 19:27 hours

CPU:total 4 (initial active 4) (2 cores per cpu, 2 threads per core) family 6 model 78 stepping 3 microcode 0xcc, cmov, cx8, fxsr, mmx, sse, sse2, sse3, ssse3, sse4.1, sse4.2, popcnt, avx, avx2, aes, clmul, erms, 3dnowpref, lzcnt, ht, tsc, tscinvbit, bmi1, bmi2, adx, fma

Memory: 4k page, system-wide physical 16274M (5123M free)
TotalPageFile size 65426M (AvailPageFile size 65M)
current process WorkingSet (physical memory assigned to process): 9M, peak: 9M
current process commit charge ("private bytes"): 52M, peak: 308M

vm_info: OpenJDK 64-Bit Server VM (11.0.11+9) for windows-amd64 JRE (11.0.11+9), built on Apr 20 2021 21:22:09 by "" with MS VC++ 15.9 (VS2017)

END.
